E:\PROJETOS\GRIFONET\GITHUB\GRIFONET\GRIFONET\MSVS_2012\GRIFONET\DEBUG\BUFFER.OBJ
E:\PROJETOS\GRIFONET\GITHUB\GRIFONET\GRIFONET\MSVS_2012\GRIFONET\DEBUG\CONTROLEDEREDE.OBJ
E:\PROJETOS\GRIFONET\GITHUB\GRIFONET\GRIFONET\MSVS_2012\GRIFONET\DEBUG\OBJETODEREDE.OBJ
E:\PROJETOS\GRIFONET\GITHUB\GRIFONET\GRIFONET\MSVS_2012\GRIFONET\DEBUG\PEER.OBJ
E:\PROJETOS\GRIFONET\GITHUB\GRIFONET\GRIFONET\MSVS_2012\GRIFONET\DEBUG\KEYUTIL.OBJ
E:\PROJETOS\GRIFONET\GITHUB\GRIFONET\GRIFONET\MSVS_2012\GRIFONET\DEBUG\VC110.PDB
E:\PROJETOS\GRIFONET\GITHUB\GRIFONET\LIB\MSVS_2012\GRIFONET_D.LIB
E:\Projetos\GrifoNet\GitHub\GrifoNet\GrifoNet\MSVS_2012\GrifoNet\Debug\Buffer.obj
E:\Projetos\GrifoNet\GitHub\GrifoNet\GrifoNet\MSVS_2012\GrifoNet\Debug\ControleDeRede.obj
E:\Projetos\GrifoNet\GitHub\GrifoNet\GrifoNet\MSVS_2012\GrifoNet\Debug\keyutil.obj
E:\Projetos\GrifoNet\GitHub\GrifoNet\GrifoNet\MSVS_2012\GrifoNet\Debug\ObjetoDeRede.obj
E:\Projetos\GrifoNet\GitHub\GrifoNet\GrifoNet\MSVS_2012\GrifoNet\Debug\Peer.obj
E:\Projetos\GrifoNet\GitHub\GrifoNet\GrifoNet\MSVS_2012\GrifoNet\Debug\cl.command.1.tlog
E:\Projetos\GrifoNet\GitHub\GrifoNet\GrifoNet\MSVS_2012\GrifoNet\Debug\CL.read.1.tlog
E:\Projetos\GrifoNet\GitHub\GrifoNet\GrifoNet\MSVS_2012\GrifoNet\Debug\CL.write.1.tlog
E:\Projetos\GrifoNet\GitHub\GrifoNet\GrifoNet\MSVS_2012\GrifoNet\Debug\Lib-link.read.1.tlog
E:\Projetos\GrifoNet\GitHub\GrifoNet\GrifoNet\MSVS_2012\GrifoNet\Debug\Lib-link.write.1.tlog
E:\Projetos\GrifoNet\GitHub\GrifoNet\GrifoNet\MSVS_2012\GrifoNet\Debug\lib.command.1.tlog
E:\Projetos\GrifoNet\GitHub\GrifoNet\GrifoNet\MSVS_2012\GrifoNet\Debug\vc110.idb
E:\Projetos\GrifoNet\GitHub\GrifoNet\GrifoNet\MSVS_2012\GrifoNet\Debug\vc110.pdb
