C:\USERS\FELIPE\DOCUMENTS\TCC\LIBUNICORN\GITHUB\LIBUNICORNIO\LIBUNICORNIO\LIBUNICORNIO\MSVS_2012\LIBUNICORNIO\DEBUG\EVENTOSTECLADO.OBJ
C:\USERS\FELIPE\DOCUMENTS\TCC\LIBUNICORN\GITHUB\LIBUNICORNIO\LIBUNICORNIO\LIBUNICORNIO\MSVS_2012\LIBUNICORNIO\DEBUG\EVENTOSTOQUE.OBJ
C:\USERS\FELIPE\DOCUMENTS\TCC\LIBUNICORN\GITHUB\LIBUNICORNIO\LIBUNICORNIO\LIBUNICORNIO\MSVS_2012\LIBUNICORNIO\DEBUG\GERENCIADORDERECURSOS.OBJ
C:\USERS\FELIPE\DOCUMENTS\TCC\LIBUNICORN\GITHUB\LIBUNICORNIO\LIBUNICORNIO\LIBUNICORNIO\MSVS_2012\LIBUNICORNIO\DEBUG\BOTAOSPRITE.OBJ
C:\USERS\FELIPE\DOCUMENTS\TCC\LIBUNICORN\GITHUB\LIBUNICORNIO\LIBUNICORNIO\LIBUNICORNIO\MSVS_2012\LIBUNICORNIO\DEBUG\JSONCPP.OBJ
C:\USERS\FELIPE\DOCUMENTS\TCC\LIBUNICORN\GITHUB\LIBUNICORNIO\LIBUNICORNIO\LIBUNICORNIO\MSVS_2012\LIBUNICORNIO\DEBUG\LIBUNICORNIO.OBJ
C:\USERS\FELIPE\DOCUMENTS\TCC\LIBUNICORN\GITHUB\LIBUNICORNIO\LIBUNICORNIO\LIBUNICORNIO\MSVS_2012\LIBUNICORNIO\DEBUG\FONTE.OBJ
C:\USERS\FELIPE\DOCUMENTS\TCC\LIBUNICORN\GITHUB\LIBUNICORNIO\LIBUNICORNIO\LIBUNICORNIO\MSVS_2012\LIBUNICORNIO\DEBUG\MUSICA.OBJ
C:\USERS\FELIPE\DOCUMENTS\TCC\LIBUNICORN\GITHUB\LIBUNICORNIO\LIBUNICORNIO\LIBUNICORNIO\MSVS_2012\LIBUNICORNIO\DEBUG\SOM.OBJ
C:\USERS\FELIPE\DOCUMENTS\TCC\LIBUNICORN\GITHUB\LIBUNICORNIO\LIBUNICORNIO\LIBUNICORNIO\MSVS_2012\LIBUNICORNIO\DEBUG\SPRITE.OBJ
C:\USERS\FELIPE\DOCUMENTS\TCC\LIBUNICORN\GITHUB\LIBUNICORNIO\LIBUNICORNIO\LIBUNICORNIO\MSVS_2012\LIBUNICORNIO\DEBUG\SPRITESHEET.OBJ
C:\USERS\FELIPE\DOCUMENTS\TCC\LIBUNICORN\GITHUB\LIBUNICORNIO\LIBUNICORNIO\LIBUNICORNIO\MSVS_2012\LIBUNICORNIO\DEBUG\TEXTO.OBJ
C:\USERS\FELIPE\DOCUMENTS\TCC\LIBUNICORN\GITHUB\LIBUNICORNIO\LIBUNICORNIO\LIBUNICORNIO\MSVS_2012\LIBUNICORNIO\DEBUG\ASTAR.OBJ
C:\USERS\FELIPE\DOCUMENTS\TCC\LIBUNICORN\GITHUB\LIBUNICORNIO\LIBUNICORNIO\LIBUNICORNIO\MSVS_2012\LIBUNICORNIO\DEBUG\NODOASTAR.OBJ
C:\USERS\FELIPE\DOCUMENTS\TCC\LIBUNICORN\GITHUB\LIBUNICORNIO\LIBUNICORNIO\LIBUNICORNIO\MSVS_2012\LIBUNICORNIO\DEBUG\OBJETOTILE.OBJ
C:\USERS\FELIPE\DOCUMENTS\TCC\LIBUNICORN\GITHUB\LIBUNICORNIO\LIBUNICORNIO\LIBUNICORNIO\MSVS_2012\LIBUNICORNIO\DEBUG\TILE.OBJ
C:\USERS\FELIPE\DOCUMENTS\TCC\LIBUNICORN\GITHUB\LIBUNICORNIO\LIBUNICORNIO\LIBUNICORNIO\MSVS_2012\LIBUNICORNIO\DEBUG\TILELAYER.OBJ
C:\USERS\FELIPE\DOCUMENTS\TCC\LIBUNICORN\GITHUB\LIBUNICORNIO\LIBUNICORNIO\LIBUNICORNIO\MSVS_2012\LIBUNICORNIO\DEBUG\TILEMAP.OBJ
C:\USERS\FELIPE\DOCUMENTS\TCC\LIBUNICORN\GITHUB\LIBUNICORNIO\LIBUNICORNIO\LIBUNICORNIO\MSVS_2012\LIBUNICORNIO\DEBUG\TILESET.OBJ
C:\USERS\FELIPE\DOCUMENTS\TCC\LIBUNICORN\GITHUB\LIBUNICORNIO\LIBUNICORNIO\LIBUNICORNIO\MSVS_2012\LIBUNICORNIO\DEBUG\VETOR2D.OBJ
C:\USERS\FELIPE\DOCUMENTS\TCC\LIBUNICORN\GITHUB\LIBUNICORNIO\LIBUNICORNIO\LIBUNICORNIO\MSVS_2012\LIBUNICORNIO\DEBUG\EVENTOS.OBJ
C:\USERS\FELIPE\DOCUMENTS\TCC\LIBUNICORN\GITHUB\LIBUNICORNIO\LIBUNICORNIO\LIBUNICORNIO\MSVS_2012\LIBUNICORNIO\DEBUG\EVENTOSAPLICACAO.OBJ
C:\USERS\FELIPE\DOCUMENTS\TCC\LIBUNICORN\GITHUB\LIBUNICORNIO\LIBUNICORNIO\LIBUNICORNIO\MSVS_2012\LIBUNICORNIO\DEBUG\EVENTOSIOS.OBJ
C:\USERS\FELIPE\DOCUMENTS\TCC\LIBUNICORN\GITHUB\LIBUNICORNIO\LIBUNICORNIO\LIBUNICORNIO\MSVS_2012\LIBUNICORNIO\DEBUG\EVENTOSJOYSTICKS.OBJ
C:\USERS\FELIPE\DOCUMENTS\TCC\LIBUNICORN\GITHUB\LIBUNICORNIO\LIBUNICORNIO\LIBUNICORNIO\MSVS_2012\LIBUNICORNIO\DEBUG\EVENTOSMOUSE.OBJ
C:\USERS\FELIPE\DOCUMENTS\TCC\LIBUNICORN\GITHUB\LIBUNICORNIO\LIBUNICORNIO\LIBUNICORNIO\MSVS_2012\LIBUNICORNIO\DEBUG\VC110.PDB
C:\USERS\FELIPE\DOCUMENTS\TCC\LIBUNICORN\GITHUB\LIBUNICORNIO\LIBUNICORNIO\LIBUNICORNIO\MSVS_2012\LIBUNICORNIO\DEBUG\OBJETODEREDE.OBJ
C:\USERS\FELIPE\DOCUMENTS\TCC\LIBUNICORN\GITHUB\LIBUNICORNIO\LIBUNICORNIO\LIBUNICORNIO\MSVS_2012\LIBUNICORNIO\DEBUG\REDEBASE.OBJ
C:\USERS\FELIPE\DOCUMENTS\TCC\LIBUNICORN\GITHUB\LIBUNICORNIO\LIBUNICORNIO\LIB\MSVS_2012\LIBUNICORNIO_D.LIB
C:\Users\Felipe\Documents\TCC\LibUnicorn\GitHub\libUnicornio\libUnicornio\libUnicornio\MSVS_2012\libUnicornio\Debug\AStar.obj
C:\Users\Felipe\Documents\TCC\LibUnicorn\GitHub\libUnicornio\libUnicornio\libUnicornio\MSVS_2012\libUnicornio\Debug\BotaoSprite.obj
C:\Users\Felipe\Documents\TCC\LibUnicorn\GitHub\libUnicornio\libUnicornio\libUnicornio\MSVS_2012\libUnicornio\Debug\Eventos.obj
C:\Users\Felipe\Documents\TCC\LibUnicorn\GitHub\libUnicornio\libUnicornio\libUnicornio\MSVS_2012\libUnicornio\Debug\EventosAplicacao.obj
C:\Users\Felipe\Documents\TCC\LibUnicorn\GitHub\libUnicornio\libUnicornio\libUnicornio\MSVS_2012\libUnicornio\Debug\EventosiOS.obj
C:\Users\Felipe\Documents\TCC\LibUnicorn\GitHub\libUnicornio\libUnicornio\libUnicornio\MSVS_2012\libUnicornio\Debug\EventosJoysticks.obj
C:\Users\Felipe\Documents\TCC\LibUnicorn\GitHub\libUnicornio\libUnicornio\libUnicornio\MSVS_2012\libUnicornio\Debug\EventosMouse.obj
C:\Users\Felipe\Documents\TCC\LibUnicorn\GitHub\libUnicornio\libUnicornio\libUnicornio\MSVS_2012\libUnicornio\Debug\EventosTeclado.obj
C:\Users\Felipe\Documents\TCC\LibUnicorn\GitHub\libUnicornio\libUnicornio\libUnicornio\MSVS_2012\libUnicornio\Debug\EventosToque.obj
C:\Users\Felipe\Documents\TCC\LibUnicorn\GitHub\libUnicornio\libUnicornio\libUnicornio\MSVS_2012\libUnicornio\Debug\Fonte.obj
C:\Users\Felipe\Documents\TCC\LibUnicorn\GitHub\libUnicornio\libUnicornio\libUnicornio\MSVS_2012\libUnicornio\Debug\GerenciadorDeRecursos.obj
C:\Users\Felipe\Documents\TCC\LibUnicorn\GitHub\libUnicornio\libUnicornio\libUnicornio\MSVS_2012\libUnicornio\Debug\jsoncpp.obj
C:\Users\Felipe\Documents\TCC\LibUnicorn\GitHub\libUnicornio\libUnicornio\libUnicornio\MSVS_2012\libUnicornio\Debug\libUnicornio.obj
C:\Users\Felipe\Documents\TCC\LibUnicorn\GitHub\libUnicornio\libUnicornio\libUnicornio\MSVS_2012\libUnicornio\Debug\Musica.obj
C:\Users\Felipe\Documents\TCC\LibUnicorn\GitHub\libUnicornio\libUnicornio\libUnicornio\MSVS_2012\libUnicornio\Debug\NodoAStar.obj
C:\Users\Felipe\Documents\TCC\LibUnicorn\GitHub\libUnicornio\libUnicornio\libUnicornio\MSVS_2012\libUnicornio\Debug\ObjetoDeRede.obj
C:\Users\Felipe\Documents\TCC\LibUnicorn\GitHub\libUnicornio\libUnicornio\libUnicornio\MSVS_2012\libUnicornio\Debug\ObjetoTile.obj
C:\Users\Felipe\Documents\TCC\LibUnicorn\GitHub\libUnicornio\libUnicornio\libUnicornio\MSVS_2012\libUnicornio\Debug\Som.obj
C:\Users\Felipe\Documents\TCC\LibUnicorn\GitHub\libUnicornio\libUnicornio\libUnicornio\MSVS_2012\libUnicornio\Debug\Sprite.obj
C:\Users\Felipe\Documents\TCC\LibUnicorn\GitHub\libUnicornio\libUnicornio\libUnicornio\MSVS_2012\libUnicornio\Debug\SpriteSheet.obj
C:\Users\Felipe\Documents\TCC\LibUnicorn\GitHub\libUnicornio\libUnicornio\libUnicornio\MSVS_2012\libUnicornio\Debug\Texto.obj
C:\Users\Felipe\Documents\TCC\LibUnicorn\GitHub\libUnicornio\libUnicornio\libUnicornio\MSVS_2012\libUnicornio\Debug\Tile.obj
C:\Users\Felipe\Documents\TCC\LibUnicorn\GitHub\libUnicornio\libUnicornio\libUnicornio\MSVS_2012\libUnicornio\Debug\TileLayer.obj
C:\Users\Felipe\Documents\TCC\LibUnicorn\GitHub\libUnicornio\libUnicornio\libUnicornio\MSVS_2012\libUnicornio\Debug\TileMap.obj
C:\Users\Felipe\Documents\TCC\LibUnicorn\GitHub\libUnicornio\libUnicornio\libUnicornio\MSVS_2012\libUnicornio\Debug\TileSet.obj
C:\Users\Felipe\Documents\TCC\LibUnicorn\GitHub\libUnicornio\libUnicornio\libUnicornio\MSVS_2012\libUnicornio\Debug\Vetor2D.obj
C:\Users\Felipe\Documents\TCC\LibUnicorn\GitHub\libUnicornio\libUnicornio\libUnicornio\MSVS_2012\libUnicornio\Debug\cl.command.1.tlog
C:\Users\Felipe\Documents\TCC\LibUnicorn\GitHub\libUnicornio\libUnicornio\libUnicornio\MSVS_2012\libUnicornio\Debug\CL.read.1.tlog
C:\Users\Felipe\Documents\TCC\LibUnicorn\GitHub\libUnicornio\libUnicornio\libUnicornio\MSVS_2012\libUnicornio\Debug\CL.write.1.tlog
C:\Users\Felipe\Documents\TCC\LibUnicorn\GitHub\libUnicornio\libUnicornio\libUnicornio\MSVS_2012\libUnicornio\Debug\Lib-link.read.1.tlog
C:\Users\Felipe\Documents\TCC\LibUnicorn\GitHub\libUnicornio\libUnicornio\libUnicornio\MSVS_2012\libUnicornio\Debug\Lib-link.write.1.tlog
C:\Users\Felipe\Documents\TCC\LibUnicorn\GitHub\libUnicornio\libUnicornio\libUnicornio\MSVS_2012\libUnicornio\Debug\lib.command.1.tlog
C:\Users\Felipe\Documents\TCC\LibUnicorn\GitHub\libUnicornio\libUnicornio\libUnicornio\MSVS_2012\libUnicornio\Debug\vc110.idb
C:\Users\Felipe\Documents\TCC\LibUnicorn\GitHub\libUnicornio\libUnicornio\libUnicornio\MSVS_2012\libUnicornio\Debug\vc110.pdb
