Build started 02/12/2014 21:23:55.
     1>Project "E:\Projetos\GrifoNet\GitHub\GrifoNet\GrifoNet\MSVS_2012\GrifoNet\GrifoNet.vcxproj" on node 2 (Build target(s)).
     1>ClCompile:
         C:\Program Files (x86)\Microsoft Visual Studio 11.0\VC\bin\CL.exe /c /I..\..\..\..\External\SDL2_Net\include /I..\..\..\..\External\SDL2\include /I..\..\..\include\tclap /I..\..\..\include /Zi /nologo /W3 /WX- /sdl /O2 /Oi /Oy- /GL /D WIN32 /D NDEBUG /D _LIB /D _UNICODE /D UNICODE /Gm- /EHsc /MD /GS /Gy /fp:precise /Zc:wchar_t /Zc:forScope /Fo"Release\\" /Fd"Release\vc110.pdb" /Gd /TP /analyze- /errorReport:prompt ..\..\..\src\Buffer.cpp ..\..\..\src\ControleDeRede.cpp ..\..\..\src\ObjetoDeRede.cpp ..\..\..\src\Peer.cpp
         Buffer.cpp
     1>..\..\..\src\Buffer.cpp(134): warning C4018: '<' : signed/unsigned mismatch
     1>..\..\..\src\Buffer.cpp(107): warning C4018: '<' : signed/unsigned mismatch
                 ..\..\..\src\Buffer.cpp(117) : see reference to function template instantiation 'bool grifo::Buffer::ler<bool>(bool &)' being compiled
         ControleDeRede.cpp
     1>E:\Projetos\GrifoNet\GitHub\GrifoNet\include\ControleDeRede.h(47): warning C4138: '*/' found outside of comment
     1>..\..\..\src\ControleDeRede.cpp(2133): warning C4129: 'p' : unrecognized character escape sequence
     1>..\..\..\src\ControleDeRede.cpp(2255): warning C4129: 'p' : unrecognized character escape sequence
         ObjetoDeRede.cpp
         Peer.cpp
     1>C:\Program Files (x86)\MSBuild\Microsoft.Cpp\v4.0\V110\Microsoft.CppBuild.targets(1299,5): warning MSB8012: TargetPath(E:\Projetos\GrifoNet\GitHub\GrifoNet\GrifoNet\MSVS_2012\Release\GrifoNet.lib) does not match the Library's OutputFile property value (E:\Projetos\GrifoNet\GitHub\GrifoNet\lib\MSVS_2012\GrifoNet.lib). This may cause your project to build incorrectly. To correct this, please make sure that $(OutDir), $(TargetName) and $(TargetExt) property values match the value specified in %(Lib.OutputFile).
       Lib:
         C:\Program Files (x86)\Microsoft Visual Studio 11.0\VC\bin\Lib.exe /OUT:"..\..\..\lib\MSVS_2012\GrifoNet.lib" SDL2_net.lib SDL2.lib /LIBPATH:..\..\..\..\External\SDL2\lib\x86 /LIBPATH:..\..\..\..\External\SDL2_Net\lib\x86 /NOLOGO /LTCG Release\Buffer.obj
         Release\ControleDeRede.obj
         Release\ObjetoDeRede.obj
         Release\Peer.obj
     1>SDL2.lib(SDL2.dll) : warning LNK4006: __NULL_IMPORT_DESCRIPTOR already defined in SDL2_net.lib(SDL2_net.dll); second definition ignored
         GrifoNet.vcxproj -> E:\Projetos\GrifoNet\GitHub\GrifoNet\GrifoNet\MSVS_2012\Release\GrifoNet.lib
     1>Done Building Project "E:\Projetos\GrifoNet\GitHub\GrifoNet\GrifoNet\MSVS_2012\GrifoNet\GrifoNet.vcxproj" (Build target(s)).

Build succeeded.

Time Elapsed 00:00:03.46
